[debug] [2022-12-28T16:25:56.957Z] ----------------------------------------------------------------------
[debug] [2022-12-28T16:25:56.958Z] Command:       /Users/stefanyfernandez/.nvm/versions/node/v16.14.0/bin/node /Users/stefanyfernandez/.nvm/versions/node/v16.14.0/bin/firebase deploy --debug
[debug] [2022-12-28T16:25:56.958Z] CLI Version:   11.19.0
[debug] [2022-12-28T16:25:56.958Z] Platform:      darwin
[debug] [2022-12-28T16:25:56.958Z] Node Version:  v16.14.0
[debug] [2022-12-28T16:25:56.960Z] Time:          Wed Dec 28 2022 17:25:56 GMT+0100 (Central European Standard Time)
[debug] [2022-12-28T16:25:56.961Z] ----------------------------------------------------------------------
[debug] 
[debug] [2022-12-28T16:25:56.962Z] >>> [apiv2][query] GET https://firebase-public.firebaseio.com/cli.json [none]
[debug] [2022-12-28T16:25:56.999Z] > command requires scopes: ["email","openid","https://www.googleapis.com/auth/cloudplatformprojects.readonly","https://www.googleapis.com/auth/firebase","https://www.googleapis.com/auth/cloud-platform"]
[debug] [2022-12-28T16:25:56.999Z] > authorizing via signed-in user (tefyfernandez8@gmail.com)
[debug] [2022-12-28T16:25:57.000Z] [iam] checking project lalolita-design for permissions ["firebase.projects.get","firebasehosting.sites.update"]
[debug] [2022-12-28T16:25:57.000Z] >>> [apiv2][query] POST https://cloudresourcemanager.googleapis.com/v1/projects/lalolita-design:testIamPermissions [none]
[debug] [2022-12-28T16:25:57.000Z] >>> [apiv2][(partial)header] POST https://cloudresourcemanager.googleapis.com/v1/projects/lalolita-design:testIamPermissions x-goog-quota-user=projects/lalolita-design
[debug] [2022-12-28T16:25:57.000Z] >>> [apiv2][body] POST https://cloudresourcemanager.googleapis.com/v1/projects/lalolita-design:testIamPermissions {"permissions":["firebase.projects.get","firebasehosting.sites.update"]}
[debug] [2022-12-28T16:25:57.321Z] <<< [apiv2][status] GET https://firebase-public.firebaseio.com/cli.json 200
[debug] [2022-12-28T16:25:57.322Z] <<< [apiv2][body] GET https://firebase-public.firebaseio.com/cli.json {"cloudBuildErrorAfter":1594252800000,"cloudBuildWarnAfter":1590019200000,"defaultNode10After":1594252800000,"minVersion":"3.0.5","node8DeploysDisabledAfter":1613390400000,"node8RuntimeDisabledAfter":1615809600000,"node8WarnAfter":1600128000000}
[debug] [2022-12-28T16:25:57.805Z] <<< [apiv2][status] POST https://cloudresourcemanager.googleapis.com/v1/projects/lalolita-design:testIamPermissions 200
[debug] [2022-12-28T16:25:57.805Z] <<< [apiv2][body] POST https://cloudresourcemanager.googleapis.com/v1/projects/lalolita-design:testIamPermissions {"permissions":["firebase.projects.get","firebasehosting.sites.update"]}
[debug] [2022-12-28T16:25:57.806Z] >>> [apiv2][query] GET https://firebase.googleapis.com/v1beta1/projects/lalolita-design [none]
[debug] [2022-12-28T16:25:58.295Z] <<< [apiv2][status] GET https://firebase.googleapis.com/v1beta1/projects/lalolita-design 200
[debug] [2022-12-28T16:25:58.296Z] <<< [apiv2][body] GET https://firebase.googleapis.com/v1beta1/projects/lalolita-design {"projectId":"lalolita-design","projectNumber":"549374932887","displayName":"lalolita-design","name":"projects/lalolita-design","resources":{"hostingSite":"lalolita-design"},"state":"ACTIVE","etag":"1_fe2f1fb7-c205-4a8e-aeab-95ab21277cd5"}
